  main.cpp
F:\WeChat Files\wxid_2lc1ql3gbxir12\FileStorage\File\2022-10\main.cpp(49,18): warning C4244: “初始化”: 从“double”转换到“float”，可能丢失数据
F:\WeChat Files\wxid_2lc1ql3gbxir12\FileStorage\File\2022-10\main.cpp(50,18): warning C4244: “初始化”: 从“double”转换到“float”，可能丢失数据
F:\WeChat Files\wxid_2lc1ql3gbxir12\FileStorage\File\2022-10\main.cpp(59,18): warning C4244: “初始化”: 从“double”转换到“float”，可能丢失数据
F:\WeChat Files\wxid_2lc1ql3gbxir12\FileStorage\File\2022-10\main.cpp(60,18): warning C4244: “初始化”: 从“double”转换到“float”，可能丢失数据
F:\WeChat Files\wxid_2lc1ql3gbxir12\FileStorage\File\2022-10\main.cpp(62,18): warning C4244: “初始化”: 从“double”转换到“float”，可能丢失数据
F:\WeChat Files\wxid_2lc1ql3gbxir12\FileStorage\File\2022-10\main.cpp(63,18): warning C4244: “初始化”: 从“double”转换到“float”，可能丢失数据
F:\WeChat Files\wxid_2lc1ql3gbxir12\FileStorage\File\2022-10\main.cpp(93,38): warning C4305: “参数”: 从“double”到“float”截断
F:\WeChat Files\wxid_2lc1ql3gbxir12\FileStorage\File\2022-10\main.cpp(95,37): warning C4305: “参数”: 从“double”到“float”截断
F:\WeChat Files\wxid_2lc1ql3gbxir12\FileStorage\File\2022-10\main.cpp(105,38): warning C4305: “参数”: 从“double”到“float”截断
F:\WeChat Files\wxid_2lc1ql3gbxir12\FileStorage\File\2022-10\main.cpp(154,28): warning C4244: “参数”: 从“int”转换到“GLfloat”，可能丢失数据
F:\WeChat Files\wxid_2lc1ql3gbxir12\FileStorage\File\2022-10\main.cpp(155,28): warning C4244: “参数”: 从“int”转换到“GLfloat”，可能丢失数据
F:\WeChat Files\wxid_2lc1ql3gbxir12\FileStorage\File\2022-10\main.cpp(156,28): warning C4244: “参数”: 从“int”转换到“GLfloat”，可能丢失数据
F:\WeChat Files\wxid_2lc1ql3gbxir12\FileStorage\File\2022-10\main.cpp(157,28): warning C4244: “参数”: 从“int”转换到“GLfloat”，可能丢失数据
F:\WeChat Files\wxid_2lc1ql3gbxir12\FileStorage\File\2022-10\main.cpp(221,38): warning C4305: “参数”: 从“double”到“float”截断
F:\WeChat Files\wxid_2lc1ql3gbxir12\FileStorage\File\2022-10\main.cpp(224,37): warning C4305: “参数”: 从“double”到“float”截断
F:\WeChat Files\wxid_2lc1ql3gbxir12\FileStorage\File\2022-10\main.cpp(232,38): warning C4305: “参数”: 从“double”到“float”截断
F:\WeChat Files\wxid_2lc1ql3gbxir12\FileStorage\File\2022-10\main.cpp(285,28): warning C4244: “参数”: 从“int”转换到“GLfloat”，可能丢失数据
F:\WeChat Files\wxid_2lc1ql3gbxir12\FileStorage\File\2022-10\main.cpp(286,28): warning C4244: “参数”: 从“int”转换到“GLfloat”，可能丢失数据
F:\WeChat Files\wxid_2lc1ql3gbxir12\FileStorage\File\2022-10\main.cpp(287,28): warning C4244: “参数”: 从“int”转换到“GLfloat”，可能丢失数据
F:\WeChat Files\wxid_2lc1ql3gbxir12\FileStorage\File\2022-10\main.cpp(288,28): warning C4244: “参数”: 从“int”转换到“GLfloat”，可能丢失数据
F:\WeChat Files\wxid_2lc1ql3gbxir12\FileStorage\File\2022-10\main.cpp(312,38): warning C4305: “参数”: 从“double”到“float”截断
F:\WeChat Files\wxid_2lc1ql3gbxir12\FileStorage\File\2022-10\main.cpp(315,37): warning C4305: “参数”: 从“double”到“float”截断
F:\WeChat Files\wxid_2lc1ql3gbxir12\FileStorage\File\2022-10\main.cpp(349,33): warning C4244: “参数”: 从“int”转换到“GLfloat”，可能丢失数据
F:\WeChat Files\wxid_2lc1ql3gbxir12\FileStorage\File\2022-10\main.cpp(350,33): warning C4244: “参数”: 从“int”转换到“GLfloat”，可能丢失数据
F:\WeChat Files\wxid_2lc1ql3gbxir12\FileStorage\File\2022-10\main.cpp(351,33): warning C4244: “参数”: 从“int”转换到“GLfloat”，可能丢失数据
F:\WeChat Files\wxid_2lc1ql3gbxir12\FileStorage\File\2022-10\main.cpp(352,33): warning C4244: “参数”: 从“int”转换到“GLfloat”，可能丢失数据
F:\WeChat Files\wxid_2lc1ql3gbxir12\FileStorage\File\2022-10\main.cpp(414,38): warning C4305: “参数”: 从“double”到“float”截断
F:\WeChat Files\wxid_2lc1ql3gbxir12\FileStorage\File\2022-10\main.cpp(417,37): warning C4305: “参数”: 从“double”到“float”截断
F:\WeChat Files\wxid_2lc1ql3gbxir12\FileStorage\File\2022-10\main.cpp(435,33): warning C4244: “参数”: 从“int”转换到“GLfloat”，可能丢失数据
F:\WeChat Files\wxid_2lc1ql3gbxir12\FileStorage\File\2022-10\main.cpp(436,33): warning C4244: “参数”: 从“int”转换到“GLfloat”，可能丢失数据
F:\WeChat Files\wxid_2lc1ql3gbxir12\FileStorage\File\2022-10\main.cpp(437,33): warning C4244: “参数”: 从“int”转换到“GLfloat”，可能丢失数据
F:\WeChat Files\wxid_2lc1ql3gbxir12\FileStorage\File\2022-10\main.cpp(438,33): warning C4244: “参数”: 从“int”转换到“GLfloat”，可能丢失数据
F:\WeChat Files\wxid_2lc1ql3gbxir12\FileStorage\File\2022-10\main.cpp(520,38): warning C4305: “参数”: 从“double”到“float”截断
F:\WeChat Files\wxid_2lc1ql3gbxir12\FileStorage\File\2022-10\main.cpp(522,37): warning C4305: “参数”: 从“double”到“float”截断
F:\WeChat Files\wxid_2lc1ql3gbxir12\FileStorage\File\2022-10\main.cpp(558,33): warning C4244: “参数”: 从“int”转换到“GLfloat”，可能丢失数据
F:\WeChat Files\wxid_2lc1ql3gbxir12\FileStorage\File\2022-10\main.cpp(559,33): warning C4244: “参数”: 从“int”转换到“GLfloat”，可能丢失数据
F:\WeChat Files\wxid_2lc1ql3gbxir12\FileStorage\File\2022-10\main.cpp(560,33): warning C4244: “参数”: 从“int”转换到“GLfloat”，可能丢失数据
F:\WeChat Files\wxid_2lc1ql3gbxir12\FileStorage\File\2022-10\main.cpp(561,33): warning C4244: “参数”: 从“int”转换到“GLfloat”，可能丢失数据
F:\WeChat Files\wxid_2lc1ql3gbxir12\FileStorage\File\2022-10\main.cpp(1399,30): warning C4244: “参数”: 从“int”转换到“GLfloat”，可能丢失数据
F:\WeChat Files\wxid_2lc1ql3gbxir12\FileStorage\File\2022-10\main.cpp(1400,30): warning C4244: “参数”: 从“int”转换到“GLfloat”，可能丢失数据
F:\WeChat Files\wxid_2lc1ql3gbxir12\FileStorage\File\2022-10\main.cpp(1401,30): warning C4244: “参数”: 从“int”转换到“GLfloat”，可能丢失数据
F:\WeChat Files\wxid_2lc1ql3gbxir12\FileStorage\File\2022-10\main.cpp(1402,30): warning C4244: “参数”: 从“int”转换到“GLfloat”，可能丢失数据
F:\WeChat Files\wxid_2lc1ql3gbxir12\FileStorage\File\2022-10\main.cpp(1403,30): warning C4244: “参数”: 从“int”转换到“GLfloat”，可能丢失数据
F:\WeChat Files\wxid_2lc1ql3gbxir12\FileStorage\File\2022-10\main.cpp(1404,30): warning C4244: “参数”: 从“int”转换到“GLfloat”，可能丢失数据
F:\WeChat Files\wxid_2lc1ql3gbxir12\FileStorage\File\2022-10\main.cpp(1405,30): warning C4244: “参数”: 从“int”转换到“GLfloat”，可能丢失数据
F:\WeChat Files\wxid_2lc1ql3gbxir12\FileStorage\File\2022-10\main.cpp(1406,30): warning C4244: “参数”: 从“int”转换到“GLfloat”，可能丢失数据
F:\WeChat Files\wxid_2lc1ql3gbxir12\FileStorage\File\2022-10\main.cpp(1407,30): warning C4244: “参数”: 从“int”转换到“GLfloat”，可能丢失数据
F:\WeChat Files\wxid_2lc1ql3gbxir12\FileStorage\File\2022-10\main.cpp(1408,31): warning C4244: “参数”: 从“int”转换到“GLfloat”，可能丢失数据
F:\WeChat Files\wxid_2lc1ql3gbxir12\FileStorage\File\2022-10\main.cpp(1409,31): warning C4244: “参数”: 从“int”转换到“GLfloat”，可能丢失数据
F:\WeChat Files\wxid_2lc1ql3gbxir12\FileStorage\File\2022-10\main.cpp(1413,25): warning C4244: “参数”: 从“int”转换到“GLfloat”，可能丢失数据
F:\WeChat Files\wxid_2lc1ql3gbxir12\FileStorage\File\2022-10\main.cpp(1414,41): warning C4244: “参数”: 从“int”转换到“GLfloat”，可能丢失数据
F:\WeChat Files\wxid_2lc1ql3gbxir12\FileStorage\File\2022-10\main.cpp(1414,25): warning C4244: “参数”: 从“int”转换到“GLfloat”，可能丢失数据
F:\WeChat Files\wxid_2lc1ql3gbxir12\FileStorage\File\2022-10\main.cpp(1415,41): warning C4244: “参数”: 从“int”转换到“GLfloat”，可能丢失数据
F:\WeChat Files\wxid_2lc1ql3gbxir12\FileStorage\File\2022-10\main.cpp(1415,25): warning C4244: “参数”: 从“int”转换到“GLfloat”，可能丢失数据
F:\WeChat Files\wxid_2lc1ql3gbxir12\FileStorage\File\2022-10\main.cpp(1416,41): warning C4244: “参数”: 从“int”转换到“GLfloat”，可能丢失数据
F:\WeChat Files\wxid_2lc1ql3gbxir12\FileStorage\File\2022-10\main.cpp(1416,25): warning C4244: “参数”: 从“int”转换到“GLfloat”，可能丢失数据
F:\WeChat Files\wxid_2lc1ql3gbxir12\FileStorage\File\2022-10\main.cpp(1417,41): warning C4244: “参数”: 从“int”转换到“GLfloat”，可能丢失数据
F:\WeChat Files\wxid_2lc1ql3gbxir12\FileStorage\File\2022-10\main.cpp(1417,25): warning C4244: “参数”: 从“int”转换到“GLfloat”，可能丢失数据
F:\WeChat Files\wxid_2lc1ql3gbxir12\FileStorage\File\2022-10\main.cpp(1418,41): warning C4244: “参数”: 从“int”转换到“GLfloat”，可能丢失数据
F:\WeChat Files\wxid_2lc1ql3gbxir12\FileStorage\File\2022-10\main.cpp(1418,25): warning C4244: “参数”: 从“int”转换到“GLfloat”，可能丢失数据
F:\WeChat Files\wxid_2lc1ql3gbxir12\FileStorage\File\2022-10\main.cpp(1419,41): warning C4244: “参数”: 从“int”转换到“GLfloat”，可能丢失数据
F:\WeChat Files\wxid_2lc1ql3gbxir12\FileStorage\File\2022-10\main.cpp(1419,25): warning C4244: “参数”: 从“int”转换到“GLfloat”，可能丢失数据
F:\WeChat Files\wxid_2lc1ql3gbxir12\FileStorage\File\2022-10\main.cpp(1420,41): warning C4244: “参数”: 从“int”转换到“GLfloat”，可能丢失数据
F:\WeChat Files\wxid_2lc1ql3gbxir12\FileStorage\File\2022-10\main.cpp(1420,25): warning C4244: “参数”: 从“int”转换到“GLfloat”，可能丢失数据
F:\WeChat Files\wxid_2lc1ql3gbxir12\FileStorage\File\2022-10\main.cpp(1421,41): warning C4244: “参数”: 从“int”转换到“GLfloat”，可能丢失数据
F:\WeChat Files\wxid_2lc1ql3gbxir12\FileStorage\File\2022-10\main.cpp(1421,25): warning C4244: “参数”: 从“int”转换到“GLfloat”，可能丢失数据
F:\WeChat Files\wxid_2lc1ql3gbxir12\FileStorage\File\2022-10\main.cpp(1422,41): warning C4244: “参数”: 从“int”转换到“GLfloat”，可能丢失数据
F:\WeChat Files\wxid_2lc1ql3gbxir12\FileStorage\File\2022-10\main.cpp(1422,25): warning C4244: “参数”: 从“int”转换到“GLfloat”，可能丢失数据
F:\WeChat Files\wxid_2lc1ql3gbxir12\FileStorage\File\2022-10\main.cpp(1423,42): warning C4244: “参数”: 从“int”转换到“GLfloat”，可能丢失数据
F:\WeChat Files\wxid_2lc1ql3gbxir12\FileStorage\File\2022-10\main.cpp(1423,25): warning C4244: “参数”: 从“int”转换到“GLfloat”，可能丢失数据
F:\WeChat Files\wxid_2lc1ql3gbxir12\FileStorage\File\2022-10\main.cpp(1424,42): warning C4244: “参数”: 从“int”转换到“GLfloat”，可能丢失数据
F:\WeChat Files\wxid_2lc1ql3gbxir12\FileStorage\File\2022-10\main.cpp(1424,25): warning C4244: “参数”: 从“int”转换到“GLfloat”，可能丢失数据
F:\WeChat Files\wxid_2lc1ql3gbxir12\FileStorage\File\2022-10\main.cpp(1539,34): warning C4305: “参数”: 从“double”到“GLfloat”截断
F:\WeChat Files\wxid_2lc1ql3gbxir12\FileStorage\File\2022-10\main.cpp(1542,34): warning C4305: “参数”: 从“double”到“GLfloat”截断
F:\WeChat Files\wxid_2lc1ql3gbxir12\FileStorage\File\2022-10\main.cpp(1545,34): warning C4305: “参数”: 从“double”到“GLfloat”截断
F:\WeChat Files\wxid_2lc1ql3gbxir12\FileStorage\File\2022-10\main.cpp(1556,28): warning C4305: “参数”: 从“double”到“GLfloat”截断
F:\WeChat Files\wxid_2lc1ql3gbxir12\FileStorage\File\2022-10\main.cpp(1559,29): warning C4305: “参数”: 从“double”到“GLfloat”截断
F:\WeChat Files\wxid_2lc1ql3gbxir12\FileStorage\File\2022-10\main.cpp(1562,29): warning C4305: “参数”: 从“double”到“GLfloat”截断
F:\WeChat Files\wxid_2lc1ql3gbxir12\FileStorage\File\2022-10\main.cpp(1565,29): warning C4305: “参数”: 从“double”到“GLfloat”截断
F:\WeChat Files\wxid_2lc1ql3gbxir12\FileStorage\File\2022-10\main.cpp(1568,29): warning C4305: “参数”: 从“double”到“GLfloat”截断
F:\WeChat Files\wxid_2lc1ql3gbxir12\FileStorage\File\2022-10\main.cpp(1572,29): warning C4305: “参数”: 从“double”到“GLfloat”截断
F:\WeChat Files\wxid_2lc1ql3gbxir12\FileStorage\File\2022-10\main.cpp(1654,15): warning C4244: “参数”: 从“time_t”转换到“unsigned int”，可能丢失数据
F:\WeChat Files\wxid_2lc1ql3gbxir12\FileStorage\File\2022-10\main.cpp(1655,74): warning C4305: “初始化”: 从“double”到“float”截断
F:\WeChat Files\wxid_2lc1ql3gbxir12\FileStorage\File\2022-10\main.cpp(1656,75): warning C4305: “初始化”: 从“double”到“float”截断
F:\WeChat Files\wxid_2lc1ql3gbxir12\FileStorage\File\2022-10\main.cpp(1657,75): warning C4305: “初始化”: 从“double”到“float”截断
F:\WeChat Files\wxid_2lc1ql3gbxir12\FileStorage\File\2022-10\main.cpp(1660,76): warning C4305: “初始化”: 从“double”到“float”截断
F:\WeChat Files\wxid_2lc1ql3gbxir12\FileStorage\File\2022-10\main.cpp(1661,76): warning C4305: “初始化”: 从“double”到“float”截断
F:\WeChat Files\wxid_2lc1ql3gbxir12\FileStorage\File\2022-10\main.cpp(1662,76): warning C4305: “初始化”: 从“double”到“float”截断
F:\WeChat Files\wxid_2lc1ql3gbxir12\FileStorage\File\2022-10\main.cpp(1663,76): warning C4305: “初始化”: 从“double”到“float”截断
F:\WeChat Files\wxid_2lc1ql3gbxir12\FileStorage\File\2022-10\main.cpp(1664,75): warning C4305: “初始化”: 从“double”到“float”截断
  Project1.vcxproj -> E:\Desktop\CPT205-CW\x64\Debug\Project1.exe
